[2025-05-03T09:38:01.285Z] ERROR: SyncProduct error for shop salonist-app.myshopify.com: Variable $variants of type [ProductVariantsBulkInput!]! was provided invalid value for 0.inventoryPolicy (Expected "DNEY" to be one of: DENY, CONTINUE)
[2025-05-03T09:38:03.201Z] ERROR: SyncProduct error for shop salonist-app.myshopify.com: Variable $variants of type [ProductVariantsBulkInput!]! was provided invalid value for 0.inventoryPolicy (Expected "DNEY" to be one of: DENY, CONTINUE)
[2025-05-03T09:38:05.201Z] ERROR: SyncProduct error for shop salonist-app.myshopify.com: Variable $variants of type [ProductVariantsBulkInput!]! was provided invalid value for 0.inventoryPolicy (Expected "DNEY" to be one of: DENY, CONTINUE)
[2025-05-03T09:38:07.107Z] ERROR: SyncProduct error for shop salonist-app.myshopify.com: Variable $variants of type [ProductVariantsBulkInput!]! was provided invalid value for 0.inventoryPolicy (Expected "DNEY" to be one of: DENY, CONTINUE)
[2025-05-03T09:38:09.121Z] ERROR: SyncProduct error for shop salonist-app.myshopify.com: Variable $variants of type [ProductVariantsBulkInput!]! was provided invalid value for 0.inventoryPolicy (Expected "DNEY" to be one of: DENY, CONTINUE)
[2025-05-03T09:38:11.042Z] ERROR: SyncProduct error for shop salonist-app.myshopify.com: Variable $variants of type [ProductVariantsBulkInput!]! was provided invalid value for 0.inventoryPolicy (Expected "DNEY" to be one of: DENY, CONTINUE)
[2025-05-03T09:38:13.074Z] ERROR: SyncProduct error for shop salonist-app.myshopify.com: Variable $variants of type [ProductVariantsBulkInput!]! was provided invalid value for 0.inventoryPolicy (Expected "DNEY" to be one of: DENY, CONTINUE)
[2025-05-03T09:38:14.983Z] ERROR: SyncProduct error for shop salonist-app.myshopify.com: Variable $variants of type [ProductVariantsBulkInput!]! was provided invalid value for 0.inventoryPolicy (Expected "DNEY" to be one of: DENY, CONTINUE)
[2025-05-03T09:38:16.799Z] ERROR: SyncProduct error for shop salonist-app.myshopify.com: Variable $variants of type [ProductVariantsBulkInput!]! was provided invalid value for 0.inventoryPolicy (Expected "DNEY" to be one of: DENY, CONTINUE)
[2025-05-03T09:38:18.786Z] ERROR: SyncProduct error for shop salonist-app.myshopify.com: Variable $variants of type [ProductVariantsBulkInput!]! was provided invalid value for 0.inventoryPolicy (Expected "DNEY" to be one of: DENY, CONTINUE)
[2025-05-03T09:38:20.669Z] ERROR: SyncProduct error for shop salonist-app.myshopify.com: Variable $variants of type [ProductVariantsBulkInput!]! was provided invalid value for 0.inventoryPolicy (Expected "DNEY" to be one of: DENY, CONTINUE)
[2025-05-03T09:38:22.929Z] ERROR: SyncProduct error for shop salonist-app.myshopify.com: Variable $variants of type [ProductVariantsBulkInput!]! was provided invalid value for 0.inventoryPolicy (Expected "DNEY" to be one of: DENY, CONTINUE)
[2025-05-03T09:38:24.885Z] ERROR: SyncProduct error for shop salonist-app.myshopify.com: Variable $variants of type [ProductVariantsBulkInput!]! was provided invalid value for 0.inventoryPolicy (Expected "DNEY" to be one of: DENY, CONTINUE)
[2025-05-03T09:38:26.715Z] ERROR: SyncProduct error for shop salonist-app.myshopify.com: Variable $variants of type [ProductVariantsBulkInput!]! was provided invalid value for 0.inventoryPolicy (Expected "DNEY" to be one of: DENY, CONTINUE)
[2025-05-03T09:38:28.586Z] ERROR: SyncProduct error for shop salonist-app.myshopify.com: Variable $variants of type [ProductVariantsBulkInput!]! was provided invalid value for 0.inventoryPolicy (Expected "DNEY" to be one of: DENY, CONTINUE)
[2025-05-03T09:38:30.508Z] ERROR: SyncProduct error for shop salonist-app.myshopify.com: Variable $variants of type [ProductVariantsBulkInput!]! was provided invalid value for 0.inventoryPolicy (Expected "DNEY" to be one of: DENY, CONTINUE)
[2025-05-03T09:38:32.407Z] ERROR: SyncProduct error for shop salonist-app.myshopify.com: Variable $variants of type [ProductVariantsBulkInput!]! was provided invalid value for 0.inventoryPolicy (Expected "DNEY" to be one of: DENY, CONTINUE)
[2025-05-03T09:38:34.362Z] ERROR: SyncProduct error for shop salonist-app.myshopify.com: Variable $variants of type [ProductVariantsBulkInput!]! was provided invalid value for 0.inventoryPolicy (Expected "DNEY" to be one of: DENY, CONTINUE)
[2025-05-03T09:38:36.221Z] ERROR: SyncProduct error for shop salonist-app.myshopify.com: Variable $variants of type [ProductVariantsBulkInput!]! was provided invalid value for 0.inventoryPolicy (Expected "DNEY" to be one of: DENY, CONTINUE)
[2025-05-03T09:38:38.204Z] ERROR: SyncProduct error for shop salonist-app.myshopify.com: Variable $variants of type [ProductVariantsBulkInput!]! was provided invalid value for 0.inventoryPolicy (Expected "DNEY" to be one of: DENY, CONTINUE)
[2025-05-03T09:38:40.257Z] ERROR: SyncProduct error for shop salonist-app.myshopify.com: Variable $variants of type [ProductVariantsBulkInput!]! was provided invalid value for 0.inventoryPolicy (Expected "DNEY" to be one of: DENY, CONTINUE)
[2025-05-03T09:38:42.158Z] ERROR: SyncProduct error for shop salonist-app.myshopify.com: Variable $variants of type [ProductVariantsBulkInput!]! was provided invalid value for 0.inventoryPolicy (Expected "DNEY" to be one of: DENY, CONTINUE)
[2025-05-03T09:38:44.112Z] ERROR: SyncProduct error for shop salonist-app.myshopify.com: Variable $variants of type [ProductVariantsBulkInput!]! was provided invalid value for 0.inventoryPolicy (Expected "DNEY" to be one of: DENY, CONTINUE)
[2025-05-03T09:38:45.990Z] ERROR: SyncProduct error for shop salonist-app.myshopify.com: Variable $variants of type [ProductVariantsBulkInput!]! was provided invalid value for 0.inventoryPolicy (Expected "DNEY" to be one of: DENY, CONTINUE)
[2025-05-03T09:38:47.990Z] ERROR: SyncProduct error for shop salonist-app.myshopify.com: Variable $variants of type [ProductVariantsBulkInput!]! was provided invalid value for 0.inventoryPolicy (Expected "DNEY" to be one of: DENY, CONTINUE)
[2025-05-03T09:38:49.814Z] ERROR: SyncProduct error for shop salonist-app.myshopify.com: Variable $variants of type [ProductVariantsBulkInput!]! was provided invalid value for 0.inventoryPolicy (Expected "DNEY" to be one of: DENY, CONTINUE)
[2025-05-03T09:38:51.758Z] ERROR: SyncProduct error for shop salonist-app.myshopify.com: Variable $variants of type [ProductVariantsBulkInput!]! was provided invalid value for 0.inventoryPolicy (Expected "DNEY" to be one of: DENY, CONTINUE)
[2025-05-03T09:43:50.828Z] ERROR: SyncProduct error for shop salonist-app.myshopify.com: Variable $variants of type [ProductVariantsBulkInput!]! was provided invalid value for 0.inventoryPolicy (Expected "" to be one of: DENY, CONTINUE)
[2025-05-03T09:43:52.737Z] ERROR: SyncProduct error for shop salonist-app.myshopify.com: Variable $variants of type [ProductVariantsBulkInput!]! was provided invalid value for 0.inventoryPolicy (Expected "" to be one of: DENY, CONTINUE)
[2025-05-03T09:43:54.699Z] ERROR: SyncProduct error for shop salonist-app.myshopify.com: Variable $variants of type [ProductVariantsBulkInput!]! was provided invalid value for 0.inventoryPolicy (Expected "" to be one of: DENY, CONTINUE)
[2025-05-03T09:43:56.651Z] ERROR: SyncProduct error for shop salonist-app.myshopify.com: Variable $variants of type [ProductVariantsBulkInput!]! was provided invalid value for 0.inventoryPolicy (Expected "" to be one of: DENY, CONTINUE)
[2025-05-03T09:43:58.596Z] ERROR: SyncProduct error for shop salonist-app.myshopify.com: Variable $variants of type [ProductVariantsBulkInput!]! was provided invalid value for 0.inventoryPolicy (Expected "" to be one of: DENY, CONTINUE)
[2025-05-03T09:44:00.588Z] ERROR: SyncProduct error for shop salonist-app.myshopify.com: Variable $variants of type [ProductVariantsBulkInput!]! was provided invalid value for 0.inventoryPolicy (Expected "" to be one of: DENY, CONTINUE)
[2025-05-03T09:44:02.493Z] ERROR: SyncProduct error for shop salonist-app.myshopify.com: Variable $variants of type [ProductVariantsBulkInput!]! was provided invalid value for 0.inventoryPolicy (Expected "" to be one of: DENY, CONTINUE)
[2025-05-03T09:44:04.417Z] ERROR: SyncProduct error for shop salonist-app.myshopify.com: Variable $variants of type [ProductVariantsBulkInput!]! was provided invalid value for 0.inventoryPolicy (Expected "" to be one of: DENY, CONTINUE)
[2025-05-03T09:44:06.329Z] ERROR: SyncProduct error for shop salonist-app.myshopify.com: Variable $variants of type [ProductVariantsBulkInput!]! was provided invalid value for 0.inventoryPolicy (Expected "" to be one of: DENY, CONTINUE)
[2025-05-03T09:44:08.215Z] ERROR: SyncProduct error for shop salonist-app.myshopify.com: Variable $variants of type [ProductVariantsBulkInput!]! was provided invalid value for 0.inventoryPolicy (Expected "" to be one of: DENY, CONTINUE)
[2025-05-03T09:44:10.077Z] ERROR: SyncProduct error for shop salonist-app.myshopify.com: Variable $variants of type [ProductVariantsBulkInput!]! was provided invalid value for 0.inventoryPolicy (Expected "" to be one of: DENY, CONTINUE)
[2025-05-03T09:44:11.944Z] ERROR: SyncProduct error for shop salonist-app.myshopify.com: Variable $variants of type [ProductVariantsBulkInput!]! was provided invalid value for 0.inventoryPolicy (Expected "" to be one of: DENY, CONTINUE)
[2025-05-03T09:44:13.709Z] ERROR: SyncProduct error for shop salonist-app.myshopify.com: Variable $variants of type [ProductVariantsBulkInput!]! was provided invalid value for 0.inventoryPolicy (Expected "" to be one of: DENY, CONTINUE)
[2025-05-03T09:44:15.590Z] ERROR: SyncProduct error for shop salonist-app.myshopify.com: Variable $variants of type [ProductVariantsBulkInput!]! was provided invalid value for 0.inventoryPolicy (Expected "" to be one of: DENY, CONTINUE)
[2025-05-03T09:44:17.536Z] ERROR: SyncProduct error for shop salonist-app.myshopify.com: Variable $variants of type [ProductVariantsBulkInput!]! was provided invalid value for 0.inventoryPolicy (Expected "" to be one of: DENY, CONTINUE)
[2025-05-03T09:44:19.417Z] ERROR: SyncProduct error for shop salonist-app.myshopify.com: Variable $variants of type [ProductVariantsBulkInput!]! was provided invalid value for 0.inventoryPolicy (Expected "" to be one of: DENY, CONTINUE)
[2025-05-03T09:44:21.243Z] ERROR: SyncProduct error for shop salonist-app.myshopify.com: Variable $variants of type [ProductVariantsBulkInput!]! was provided invalid value for 0.inventoryPolicy (Expected "" to be one of: DENY, CONTINUE)
[2025-05-03T09:44:23.140Z] ERROR: SyncProduct error for shop salonist-app.myshopify.com: Variable $variants of type [ProductVariantsBulkInput!]! was provided invalid value for 0.inventoryPolicy (Expected "" to be one of: DENY, CONTINUE)
[2025-05-03T09:44:43.126Z] ERROR: SyncProduct error for shop salonist-app.myshopify.com: Variable $variants of type [ProductVariantsBulkInput!]! was provided invalid value for 0.inventoryPolicy (Expected "" to be one of: DENY, CONTINUE)
[2025-05-03T09:44:45.009Z] ERROR: SyncProduct error for shop salonist-app.myshopify.com: Variable $variants of type [ProductVariantsBulkInput!]! was provided invalid value for 0.inventoryPolicy (Expected "" to be one of: DENY, CONTINUE)
[2025-05-03T09:44:46.867Z] ERROR: SyncProduct error for shop salonist-app.myshopify.com: Variable $variants of type [ProductVariantsBulkInput!]! was provided invalid value for 0.inventoryPolicy (Expected "" to be one of: DENY, CONTINUE)
[2025-05-03T09:44:48.776Z] ERROR: SyncProduct error for shop salonist-app.myshopify.com: Variable $variants of type [ProductVariantsBulkInput!]! was provided invalid value for 0.inventoryPolicy (Expected "" to be one of: DENY, CONTINUE)
[2025-05-03T09:45:01.616Z] ERROR: SyncProduct error for shop salonist-app.myshopify.com: Variable $variants of type [ProductVariantsBulkInput!]! was provided invalid value for 0.inventoryPolicy (Expected "" to be one of: DENY, CONTINUE)
[2025-05-03T09:45:03.530Z] ERROR: SyncProduct error for shop salonist-app.myshopify.com: Variable $variants of type [ProductVariantsBulkInput!]! was provided invalid value for 0.inventoryPolicy (Expected "" to be one of: DENY, CONTINUE)
[2025-05-03T09:45:05.503Z] ERROR: SyncProduct error for shop salonist-app.myshopify.com: Variable $variants of type [ProductVariantsBulkInput!]! was provided invalid value for 0.inventoryPolicy (Expected "" to be one of: DENY, CONTINUE)
[2025-05-03T09:45:22.225Z] ERROR: SyncProduct error for shop salonist-app.myshopify.com: Variable $variants of type [ProductVariantsBulkInput!]! was provided invalid value for 0.inventoryPolicy (Expected "" to be one of: DENY, CONTINUE)
[2025-05-03T09:45:24.142Z] ERROR: SyncProduct error for shop salonist-app.myshopify.com: Variable $variants of type [ProductVariantsBulkInput!]! was provided invalid value for 0.inventoryPolicy (Expected "" to be one of: DENY, CONTINUE)
[2025-05-03T11:12:31.968Z] ERROR: GraphQL Errors for shop salonist-app.myshopify.com:
[2025-05-03T11:12:33.950Z] ERROR: GraphQL Errors for shop salonist-app.myshopify.com:
[2025-05-03T11:12:36.006Z] ERROR: GraphQL Errors for shop salonist-app.myshopify.com:
[2025-05-03T11:12:38.084Z] ERROR: GraphQL Errors for shop salonist-app.myshopify.com:
[2025-05-03T11:12:40.171Z] ERROR: GraphQL Errors for shop salonist-app.myshopify.com:
[2025-05-03T11:12:42.197Z] ERROR: GraphQL Errors for shop salonist-app.myshopify.com:
[2025-05-03T11:12:44.156Z] ERROR: GraphQL Errors for shop salonist-app.myshopify.com:
[2025-05-03T11:12:46.141Z] ERROR: GraphQL Errors for shop salonist-app.myshopify.com:
[2025-05-03T11:12:48.112Z] ERROR: GraphQL Errors for shop salonist-app.myshopify.com:
[2025-05-03T11:12:50.010Z] ERROR: GraphQL Errors for shop salonist-app.myshopify.com:
[2025-05-03T11:12:51.938Z] ERROR: GraphQL Errors for shop salonist-app.myshopify.com:
[2025-05-03T11:12:53.928Z] ERROR: GraphQL Errors for shop salonist-app.myshopify.com:
[2025-05-03T11:12:55.873Z] ERROR: GraphQL Errors for shop salonist-app.myshopify.com:
[2025-05-03T11:12:57.859Z] ERROR: GraphQL Errors for shop salonist-app.myshopify.com:
[2025-05-03T11:12:59.804Z] ERROR: GraphQL Errors for shop salonist-app.myshopify.com:
[2025-05-03T11:13:01.769Z] ERROR: GraphQL Errors for shop salonist-app.myshopify.com:
[2025-05-03T11:13:03.690Z] ERROR: GraphQL Errors for shop salonist-app.myshopify.com:
[2025-05-03T11:13:05.734Z] ERROR: GraphQL Errors for shop salonist-app.myshopify.com:
[2025-05-03T11:13:07.716Z] ERROR: GraphQL Errors for shop salonist-app.myshopify.com:
[2025-05-03T11:13:09.643Z] ERROR: GraphQL Errors for shop salonist-app.myshopify.com:
[2025-05-03T11:13:11.663Z] ERROR: GraphQL Errors for shop salonist-app.myshopify.com:
[2025-05-03T11:13:13.701Z] ERROR: GraphQL Errors for shop salonist-app.myshopify.com:
[2025-05-03T11:13:15.744Z] ERROR: GraphQL Errors for shop salonist-app.myshopify.com:
[2025-05-03T11:13:17.690Z] ERROR: GraphQL Errors for shop salonist-app.myshopify.com:
[2025-05-03T11:13:19.762Z] ERROR: GraphQL Errors for shop salonist-app.myshopify.com:
[2025-05-03T11:13:21.705Z] ERROR: GraphQL Errors for shop salonist-app.myshopify.com:
[2025-05-03T11:13:23.636Z] ERROR: GraphQL Errors for shop salonist-app.myshopify.com:
[2025-05-03T11:13:29.232Z] ERROR: GraphQL Errors for shop salonist-app.myshopify.com:
[2025-05-03T11:13:31.095Z] ERROR: GraphQL Errors for shop salonist-app.myshopify.com:
[2025-05-03T11:13:33.059Z] ERROR: GraphQL Errors for shop salonist-app.myshopify.com:
[2025-05-03T11:13:35.135Z] ERROR: GraphQL Errors for shop salonist-app.myshopify.com:
[2025-05-03T11:13:37.057Z] ERROR: GraphQL Errors for shop salonist-app.myshopify.com:
[2025-05-03T11:13:38.999Z] ERROR: GraphQL Errors for shop salonist-app.myshopify.com:
[2025-05-03T11:13:40.965Z] ERROR: GraphQL Errors for shop salonist-app.myshopify.com:
[2025-05-03T11:13:42.927Z] ERROR: GraphQL Errors for shop salonist-app.myshopify.com:
[2025-05-03T11:13:44.868Z] ERROR: GraphQL Errors for shop salonist-app.myshopify.com:
[2025-05-03T11:13:46.863Z] ERROR: GraphQL Errors for shop salonist-app.myshopify.com:
[2025-05-03T11:13:48.785Z] ERROR: GraphQL Errors for shop salonist-app.myshopify.com:
[2025-05-03T11:13:50.655Z] ERROR: GraphQL Errors for shop salonist-app.myshopify.com:
[2025-05-03T11:13:52.596Z] ERROR: GraphQL Errors for shop salonist-app.myshopify.com:
[2025-05-03T11:13:54.582Z] ERROR: GraphQL Errors for shop salonist-app.myshopify.com:
[2025-05-03T11:13:56.601Z] ERROR: GraphQL Errors for shop salonist-app.myshopify.com:
[2025-05-03T11:13:58.488Z] ERROR: GraphQL Errors for shop salonist-app.myshopify.com:
[2025-05-03T11:14:00.414Z] ERROR: GraphQL Errors for shop salonist-app.myshopify.com:
[2025-05-03T11:14:02.381Z] ERROR: GraphQL Errors for shop salonist-app.myshopify.com:
[2025-05-03T11:14:04.330Z] ERROR: GraphQL Errors for shop salonist-app.myshopify.com:
[2025-05-03T11:14:06.234Z] ERROR: GraphQL Errors for shop salonist-app.myshopify.com:
[2025-05-03T11:14:08.121Z] ERROR: GraphQL Errors for shop salonist-app.myshopify.com:
[2025-05-03T11:14:10.157Z] ERROR: GraphQL Errors for shop salonist-app.myshopify.com:
[2025-05-03T11:14:12.199Z] ERROR: GraphQL Errors for shop salonist-app.myshopify.com:
[2025-05-03T11:14:14.092Z] ERROR: GraphQL Errors for shop salonist-app.myshopify.com:
[2025-05-03T11:14:16.091Z] ERROR: GraphQL Errors for shop salonist-app.myshopify.com:
[2025-05-03T11:14:17.994Z] ERROR: GraphQL Errors for shop salonist-app.myshopify.com:
[2025-05-03T11:14:19.961Z] ERROR: GraphQL Errors for shop salonist-app.myshopify.com:
[2025-05-03T11:37:56.535Z] ERROR: GraphQL Errors for shop salonist-app.myshopify.com:
[2025-05-03T11:37:58.434Z] ERROR: GraphQL Errors for shop salonist-app.myshopify.com:
[2025-05-03T11:38:00.352Z] ERROR: GraphQL Errors for shop salonist-app.myshopify.com:
[2025-05-03T11:38:02.346Z] ERROR: GraphQL Errors for shop salonist-app.myshopify.com:
[2025-05-03T11:38:04.275Z] ERROR: GraphQL Errors for shop salonist-app.myshopify.com:
[2025-05-03T11:38:06.265Z] ERROR: GraphQL Errors for shop salonist-app.myshopify.com:
[2025-05-03T11:38:08.252Z] ERROR: GraphQL Errors for shop salonist-app.myshopify.com:
[2025-05-03T11:38:10.165Z] ERROR: GraphQL Errors for shop salonist-app.myshopify.com:
[2025-05-03T11:38:12.124Z] ERROR: GraphQL Errors for shop salonist-app.myshopify.com:
[2025-05-03T11:38:14.042Z] ERROR: GraphQL Errors for shop salonist-app.myshopify.com:
[2025-05-03T11:38:15.966Z] ERROR: GraphQL Errors for shop salonist-app.myshopify.com:
[2025-05-03T11:38:17.986Z] ERROR: GraphQL Errors for shop salonist-app.myshopify.com:
[2025-05-03T11:38:19.876Z] ERROR: GraphQL Errors for shop salonist-app.myshopify.com:
[2025-05-03T11:38:21.756Z] ERROR: GraphQL Errors for shop salonist-app.myshopify.com:
[2025-05-03T11:38:23.664Z] ERROR: GraphQL Errors for shop salonist-app.myshopify.com:
[2025-05-03T11:38:25.626Z] ERROR: GraphQL Errors for shop salonist-app.myshopify.com:
[2025-05-03T11:38:27.559Z] ERROR: GraphQL Errors for shop salonist-app.myshopify.com:
[2025-05-03T11:38:29.510Z] ERROR: GraphQL Errors for shop salonist-app.myshopify.com:
[2025-05-03T11:38:31.455Z] ERROR: GraphQL Errors for shop salonist-app.myshopify.com:
[2025-05-03T11:38:33.381Z] ERROR: GraphQL Errors for shop salonist-app.myshopify.com:
[2025-05-03T11:38:35.317Z] ERROR: GraphQL Errors for shop salonist-app.myshopify.com:
[2025-05-03T11:38:37.274Z] ERROR: GraphQL Errors for shop salonist-app.myshopify.com:
[2025-05-03T11:38:39.219Z] ERROR: GraphQL Errors for shop salonist-app.myshopify.com:
[2025-05-03T11:38:41.129Z] ERROR: GraphQL Errors for shop salonist-app.myshopify.com:
[2025-05-03T11:38:43.173Z] ERROR: GraphQL Errors for shop salonist-app.myshopify.com:
[2025-05-03T11:38:45.186Z] ERROR: GraphQL Errors for shop salonist-app.myshopify.com:
[2025-05-03T11:38:47.093Z] ERROR: GraphQL Errors for shop salonist-app.myshopify.com:
[2025-05-03T11:39:19.300Z] ERROR: GraphQL Errors for shop salonist-app.myshopify.com:
[2025-05-03T11:39:21.244Z] ERROR: GraphQL Errors for shop salonist-app.myshopify.com:
[2025-05-03T11:39:23.374Z] ERROR: GraphQL Errors for shop salonist-app.myshopify.com:
[2025-05-03T11:39:25.457Z] ERROR: GraphQL Errors for shop salonist-app.myshopify.com:
[2025-05-03T11:39:27.494Z] ERROR: GraphQL Errors for shop salonist-app.myshopify.com:
[2025-05-03T11:39:29.492Z] ERROR: GraphQL Errors for shop salonist-app.myshopify.com:
[2025-05-03T11:39:31.547Z] ERROR: GraphQL Errors for shop salonist-app.myshopify.com:
[2025-05-03T11:39:33.462Z] ERROR: GraphQL Errors for shop salonist-app.myshopify.com:
[2025-05-03T11:39:35.464Z] ERROR: GraphQL Errors for shop salonist-app.myshopify.com:
[2025-05-03T11:39:37.437Z] ERROR: GraphQL Errors for shop salonist-app.myshopify.com:
[2025-05-03T11:39:39.357Z] ERROR: GraphQL Errors for shop salonist-app.myshopify.com:
[2025-05-03T11:39:41.369Z] ERROR: GraphQL Errors for shop salonist-app.myshopify.com:
[2025-05-03T11:39:43.374Z] ERROR: GraphQL Errors for shop salonist-app.myshopify.com:
[2025-05-03T11:39:45.301Z] ERROR: GraphQL Errors for shop salonist-app.myshopify.com:
[2025-05-03T11:39:47.293Z] ERROR: GraphQL Errors for shop salonist-app.myshopify.com:
[2025-05-03T11:39:49.244Z] ERROR: GraphQL Errors for shop salonist-app.myshopify.com:
[2025-05-03T11:39:51.174Z] ERROR: GraphQL Errors for shop salonist-app.myshopify.com:
[2025-05-03T11:39:53.410Z] ERROR: GraphQL Errors for shop salonist-app.myshopify.com:
[2025-05-03T11:39:55.373Z] ERROR: GraphQL Errors for shop salonist-app.myshopify.com:
[2025-05-03T11:39:57.308Z] ERROR: GraphQL Errors for shop salonist-app.myshopify.com:
[2025-05-03T11:39:59.284Z] ERROR: GraphQL Errors for shop salonist-app.myshopify.com:
[2025-05-03T11:40:01.353Z] ERROR: GraphQL Errors for shop salonist-app.myshopify.com:
[2025-05-03T11:40:03.445Z] ERROR: GraphQL Errors for shop salonist-app.myshopify.com:
[2025-05-03T11:40:05.452Z] ERROR: GraphQL Errors for shop salonist-app.myshopify.com:
[2025-05-03T11:40:07.504Z] ERROR: GraphQL Errors for shop salonist-app.myshopify.com:
[2025-05-03T11:40:09.446Z] ERROR: GraphQL Errors for shop salonist-app.myshopify.com:
[2025-05-03T11:40:11.363Z] ERROR: GraphQL Errors for shop salonist-app.myshopify.com:
[2025-05-03T18:09:03.773Z] ERROR: Exception while publishing product for shop quickstart-840ac43c.myshopify.com: syntax error, unexpected RCURLY ("}") at [5, 5]
[2025-05-03T18:09:06.587Z] ERROR: Exception while publishing product for shop quickstart-840ac43c.myshopify.com: syntax error, unexpected RCURLY ("}") at [5, 5]
[2025-05-03T18:09:09.355Z] ERROR: Exception while publishing product for shop quickstart-840ac43c.myshopify.com: syntax error, unexpected RCURLY ("}") at [5, 5]
[2025-05-03T18:09:12.653Z] ERROR: Exception while publishing product for shop quickstart-840ac43c.myshopify.com: syntax error, unexpected RCURLY ("}") at [5, 5]
[2025-05-03T18:09:15.363Z] ERROR: Exception while publishing product for shop quickstart-840ac43c.myshopify.com: syntax error, unexpected RCURLY ("}") at [5, 5]
[2025-05-03T18:09:18.438Z] ERROR: Exception while publishing product for shop quickstart-840ac43c.myshopify.com: syntax error, unexpected RCURLY ("}") at [5, 5]
[2025-05-03T18:09:21.486Z] ERROR: Exception while publishing product for shop quickstart-840ac43c.myshopify.com: syntax error, unexpected RCURLY ("}") at [5, 5]
[2025-05-03T18:09:24.260Z] ERROR: Exception while publishing product for shop quickstart-840ac43c.myshopify.com: syntax error, unexpected RCURLY ("}") at [5, 5]
[2025-05-03T18:09:27.090Z] ERROR: Exception while publishing product for shop quickstart-840ac43c.myshopify.com: syntax error, unexpected RCURLY ("}") at [5, 5]
[2025-05-03T18:09:29.776Z] ERROR: Exception while publishing product for shop quickstart-840ac43c.myshopify.com: syntax error, unexpected RCURLY ("}") at [5, 5]
[2025-05-03T18:09:32.601Z] ERROR: Exception while publishing product for shop quickstart-840ac43c.myshopify.com: syntax error, unexpected RCURLY ("}") at [5, 5]
[2025-05-03T18:09:35.729Z] ERROR: Exception while publishing product for shop quickstart-840ac43c.myshopify.com: syntax error, unexpected RCURLY ("}") at [5, 5]
[2025-05-03T18:09:38.419Z] ERROR: Exception while publishing product for shop quickstart-840ac43c.myshopify.com: syntax error, unexpected RCURLY ("}") at [5, 5]
[2025-05-03T18:09:41.231Z] ERROR: Exception while publishing product for shop quickstart-840ac43c.myshopify.com: syntax error, unexpected RCURLY ("}") at [5, 5]
[2025-05-03T18:09:43.915Z] ERROR: Exception while publishing product for shop quickstart-840ac43c.myshopify.com: syntax error, unexpected RCURLY ("}") at [5, 5]
[2025-05-03T18:09:46.670Z] ERROR: Exception while publishing product for shop quickstart-840ac43c.myshopify.com: syntax error, unexpected RCURLY ("}") at [5, 5]
[2025-05-03T18:09:49.482Z] ERROR: Exception while publishing product for shop quickstart-840ac43c.myshopify.com: syntax error, unexpected RCURLY ("}") at [5, 5]
[2025-05-03T18:09:52.243Z] ERROR: Exception while publishing product for shop quickstart-840ac43c.myshopify.com: syntax error, unexpected RCURLY ("}") at [5, 5]
[2025-05-03T18:09:55.044Z] ERROR: Exception while publishing product for shop quickstart-840ac43c.myshopify.com: syntax error, unexpected RCURLY ("}") at [5, 5]
[2025-05-03T18:09:57.862Z] ERROR: Exception while publishing product for shop quickstart-840ac43c.myshopify.com: syntax error, unexpected RCURLY ("}") at [5, 5]
[2025-05-03T18:10:00.690Z] ERROR: Exception while publishing product for shop quickstart-840ac43c.myshopify.com: syntax error, unexpected RCURLY ("}") at [5, 5]
[2025-05-03T18:10:03.481Z] ERROR: Exception while publishing product for shop quickstart-840ac43c.myshopify.com: syntax error, unexpected RCURLY ("}") at [5, 5]
[2025-05-03T18:10:06.309Z] ERROR: Exception while publishing product for shop quickstart-840ac43c.myshopify.com: syntax error, unexpected RCURLY ("}") at [5, 5]
[2025-05-03T18:10:09.160Z] ERROR: Exception while publishing product for shop quickstart-840ac43c.myshopify.com: syntax error, unexpected RCURLY ("}") at [5, 5]
[2025-05-03T18:10:11.913Z] ERROR: Exception while publishing product for shop quickstart-840ac43c.myshopify.com: syntax error, unexpected RCURLY ("}") at [5, 5]
[2025-05-03T18:10:14.689Z] ERROR: Exception while publishing product for shop quickstart-840ac43c.myshopify.com: syntax error, unexpected RCURLY ("}") at [5, 5]
[2025-05-03T18:10:17.508Z] ERROR: Exception while publishing product for shop quickstart-840ac43c.myshopify.com: syntax error, unexpected RCURLY ("}") at [5, 5]
[2025-05-03T18:11:10.607Z] ERROR: Exception while publishing product for shop quickstart-840ac43c.myshopify.com: syntax error, unexpected RCURLY ("}") at [5, 5]
[2025-05-03T18:11:13.273Z] ERROR: Exception while publishing product for shop quickstart-840ac43c.myshopify.com: syntax error, unexpected RCURLY ("}") at [5, 5]
[2025-05-03T18:11:15.999Z] ERROR: Exception while publishing product for shop quickstart-840ac43c.myshopify.com: syntax error, unexpected RCURLY ("}") at [5, 5]
[2025-05-03T18:11:18.968Z] ERROR: Exception while publishing product for shop quickstart-840ac43c.myshopify.com: syntax error, unexpected RCURLY ("}") at [5, 5]
[2025-05-03T18:11:21.829Z] ERROR: Exception while publishing product for shop quickstart-840ac43c.myshopify.com: syntax error, unexpected RCURLY ("}") at [5, 5]
[2025-05-03T18:11:24.533Z] ERROR: Exception while publishing product for shop quickstart-840ac43c.myshopify.com: syntax error, unexpected RCURLY ("}") at [5, 5]
[2025-05-03T18:11:28.266Z] ERROR: Exception while publishing product for shop quickstart-840ac43c.myshopify.com: syntax error, unexpected RCURLY ("}") at [5, 5]
[2025-05-03T18:11:31.038Z] ERROR: Exception while publishing product for shop quickstart-840ac43c.myshopify.com: syntax error, unexpected RCURLY ("}") at [5, 5]
[2025-05-03T18:11:34.643Z] ERROR: Exception while publishing product for shop quickstart-840ac43c.myshopify.com: syntax error, unexpected RCURLY ("}") at [5, 5]
[2025-05-03T18:11:37.417Z] ERROR: Exception while publishing product for shop quickstart-840ac43c.myshopify.com: syntax error, unexpected RCURLY ("}") at [5, 5]
[2025-05-03T18:11:40.261Z] ERROR: Exception while publishing product for shop quickstart-840ac43c.myshopify.com: syntax error, unexpected RCURLY ("}") at [5, 5]
[2025-05-03T18:11:42.844Z] ERROR: Exception while publishing product for shop quickstart-840ac43c.myshopify.com: syntax error, unexpected RCURLY ("}") at [5, 5]
[2025-05-03T18:11:45.544Z] ERROR: Exception while publishing product for shop quickstart-840ac43c.myshopify.com: syntax error, unexpected RCURLY ("}") at [5, 5]
[2025-05-03T18:11:48.401Z] ERROR: Exception while publishing product for shop quickstart-840ac43c.myshopify.com: syntax error, unexpected RCURLY ("}") at [5, 5]
[2025-05-03T18:11:51.579Z] ERROR: Exception while publishing product for shop quickstart-840ac43c.myshopify.com: syntax error, unexpected RCURLY ("}") at [5, 5]
[2025-05-03T18:11:55.118Z] ERROR: Exception while publishing product for shop quickstart-840ac43c.myshopify.com: syntax error, unexpected RCURLY ("}") at [5, 5]
[2025-05-03T18:11:57.796Z] ERROR: Exception while publishing product for shop quickstart-840ac43c.myshopify.com: syntax error, unexpected RCURLY ("}") at [5, 5]
[2025-05-03T18:12:01.158Z] ERROR: Exception while publishing product for shop quickstart-840ac43c.myshopify.com: syntax error, unexpected RCURLY ("}") at [5, 5]
[2025-05-03T18:12:03.975Z] ERROR: Exception while publishing product for shop quickstart-840ac43c.myshopify.com: syntax error, unexpected RCURLY ("}") at [5, 5]
[2025-05-03T18:12:06.635Z] ERROR: Exception while publishing product for shop quickstart-840ac43c.myshopify.com: syntax error, unexpected RCURLY ("}") at [5, 5]
[2025-05-03T18:12:09.346Z] ERROR: Exception while publishing product for shop quickstart-840ac43c.myshopify.com: syntax error, unexpected RCURLY ("}") at [5, 5]
[2025-05-03T18:12:12.242Z] ERROR: Exception while publishing product for shop quickstart-840ac43c.myshopify.com: syntax error, unexpected RCURLY ("}") at [5, 5]
[2025-05-03T18:12:15.058Z] ERROR: Exception while publishing product for shop quickstart-840ac43c.myshopify.com: syntax error, unexpected RCURLY ("}") at [5, 5]
[2025-05-03T18:12:17.801Z] ERROR: Exception while publishing product for shop quickstart-840ac43c.myshopify.com: syntax error, unexpected RCURLY ("}") at [5, 5]
[2025-05-03T18:12:20.827Z] ERROR: Exception while publishing product for shop quickstart-840ac43c.myshopify.com: syntax error, unexpected RCURLY ("}") at [5, 5]
[2025-05-03T18:12:23.903Z] ERROR: Exception while publishing product for shop quickstart-840ac43c.myshopify.com: syntax error, unexpected RCURLY ("}") at [5, 5]
[2025-05-03T18:12:26.679Z] ERROR: Exception while publishing product for shop quickstart-840ac43c.myshopify.com: syntax error, unexpected RCURLY ("}") at [5, 5]
[2025-05-03T18:15:46.407Z] ERROR: SyncProduct error for shop quickstart-840ac43c.myshopify.com: id is not defined
[2025-05-03T18:15:46.983Z] ERROR: SyncProduct error for shop quickstart-840ac43c.myshopify.com: id is not defined
[2025-05-03T18:15:49.289Z] ERROR: SyncProduct error for shop quickstart-840ac43c.myshopify.com: id is not defined
[2025-05-03T18:15:49.619Z] ERROR: SyncProduct error for shop quickstart-840ac43c.myshopify.com: id is not defined
[2025-05-03T18:15:52.085Z] ERROR: SyncProduct error for shop quickstart-840ac43c.myshopify.com: id is not defined
[2025-05-03T18:15:52.589Z] ERROR: SyncProduct error for shop quickstart-840ac43c.myshopify.com: id is not defined
[2025-05-03T18:15:55.047Z] ERROR: SyncProduct error for shop quickstart-840ac43c.myshopify.com: id is not defined
[2025-05-03T18:15:55.450Z] ERROR: SyncProduct error for shop quickstart-840ac43c.myshopify.com: id is not defined
[2025-05-03T18:15:58.014Z] ERROR: SyncProduct error for shop quickstart-840ac43c.myshopify.com: id is not defined
[2025-05-03T18:15:58.338Z] ERROR: SyncProduct error for shop quickstart-840ac43c.myshopify.com: id is not defined
[2025-05-03T18:16:01.190Z] ERROR: SyncProduct error for shop quickstart-840ac43c.myshopify.com: id is not defined
[2025-05-03T18:16:01.822Z] ERROR: SyncProduct error for shop quickstart-840ac43c.myshopify.com: id is not defined
[2025-05-03T18:16:03.933Z] ERROR: SyncProduct error for shop quickstart-840ac43c.myshopify.com: id is not defined
[2025-05-03T18:16:04.814Z] ERROR: SyncProduct error for shop quickstart-840ac43c.myshopify.com: id is not defined
[2025-05-03T18:16:06.601Z] ERROR: SyncProduct error for shop quickstart-840ac43c.myshopify.com: id is not defined
[2025-05-03T18:16:07.585Z] ERROR: SyncProduct error for shop quickstart-840ac43c.myshopify.com: id is not defined
[2025-05-03T18:16:09.361Z] ERROR: SyncProduct error for shop quickstart-840ac43c.myshopify.com: id is not defined
[2025-05-03T18:16:10.599Z] ERROR: SyncProduct error for shop quickstart-840ac43c.myshopify.com: id is not defined
[2025-05-03T18:16:12.465Z] ERROR: SyncProduct error for shop quickstart-840ac43c.myshopify.com: id is not defined
[2025-05-03T18:16:13.454Z] ERROR: SyncProduct error for shop quickstart-840ac43c.myshopify.com: id is not defined
[2025-05-03T18:16:15.313Z] ERROR: SyncProduct error for shop quickstart-840ac43c.myshopify.com: id is not defined
[2025-05-03T18:16:16.389Z] ERROR: SyncProduct error for shop quickstart-840ac43c.myshopify.com: id is not defined
[2025-05-03T18:16:18.001Z] ERROR: SyncProduct error for shop quickstart-840ac43c.myshopify.com: id is not defined
[2025-05-03T18:16:19.092Z] ERROR: SyncProduct error for shop quickstart-840ac43c.myshopify.com: id is not defined
[2025-05-03T18:16:20.677Z] ERROR: SyncProduct error for shop quickstart-840ac43c.myshopify.com: id is not defined
[2025-05-03T18:16:21.724Z] ERROR: SyncProduct error for shop quickstart-840ac43c.myshopify.com: id is not defined
[2025-05-03T18:16:23.338Z] ERROR: SyncProduct error for shop quickstart-840ac43c.myshopify.com: id is not defined
[2025-05-03T18:16:24.480Z] ERROR: SyncProduct error for shop quickstart-840ac43c.myshopify.com: id is not defined
[2025-05-03T18:16:26.098Z] ERROR: SyncProduct error for shop quickstart-840ac43c.myshopify.com: id is not defined
[2025-05-03T18:16:27.197Z] ERROR: SyncProduct error for shop quickstart-840ac43c.myshopify.com: id is not defined
[2025-05-03T18:16:28.977Z] ERROR: SyncProduct error for shop quickstart-840ac43c.myshopify.com: id is not defined
[2025-05-03T18:16:29.878Z] ERROR: SyncProduct error for shop quickstart-840ac43c.myshopify.com: id is not defined
[2025-05-03T18:16:31.796Z] ERROR: SyncProduct error for shop quickstart-840ac43c.myshopify.com: id is not defined
[2025-05-03T18:16:32.551Z] ERROR: SyncProduct error for shop quickstart-840ac43c.myshopify.com: id is not defined
[2025-05-03T18:16:34.759Z] ERROR: SyncProduct error for shop quickstart-840ac43c.myshopify.com: id is not defined
[2025-05-03T18:16:35.642Z] ERROR: SyncProduct error for shop quickstart-840ac43c.myshopify.com: id is not defined
[2025-05-03T18:16:37.392Z] ERROR: SyncProduct error for shop quickstart-840ac43c.myshopify.com: id is not defined
[2025-05-03T18:16:38.265Z] ERROR: SyncProduct error for shop quickstart-840ac43c.myshopify.com: id is not defined
[2025-05-03T18:16:40.005Z] ERROR: SyncProduct error for shop quickstart-840ac43c.myshopify.com: id is not defined
[2025-05-03T18:16:41.008Z] ERROR: SyncProduct error for shop quickstart-840ac43c.myshopify.com: id is not defined
[2025-05-03T18:16:42.788Z] ERROR: SyncProduct error for shop quickstart-840ac43c.myshopify.com: id is not defined
[2025-05-03T18:16:43.800Z] ERROR: SyncProduct error for shop quickstart-840ac43c.myshopify.com: id is not defined
[2025-05-03T18:16:45.889Z] ERROR: SyncProduct error for shop quickstart-840ac43c.myshopify.com: id is not defined
[2025-05-03T18:16:46.586Z] ERROR: SyncProduct error for shop quickstart-840ac43c.myshopify.com: id is not defined
[2025-05-03T18:16:48.977Z] ERROR: SyncProduct error for shop quickstart-840ac43c.myshopify.com: id is not defined
[2025-05-03T18:16:49.388Z] ERROR: SyncProduct error for shop quickstart-840ac43c.myshopify.com: id is not defined
[2025-05-03T18:16:51.761Z] ERROR: SyncProduct error for shop quickstart-840ac43c.myshopify.com: id is not defined
[2025-05-03T18:16:52.143Z] ERROR: SyncProduct error for shop quickstart-840ac43c.myshopify.com: id is not defined
[2025-05-03T18:16:54.665Z] ERROR: SyncProduct error for shop quickstart-840ac43c.myshopify.com: id is not defined
[2025-05-03T18:16:55.222Z] ERROR: SyncProduct error for shop quickstart-840ac43c.myshopify.com: id is not defined
[2025-05-03T18:16:57.553Z] ERROR: SyncProduct error for shop quickstart-840ac43c.myshopify.com: id is not defined
[2025-05-03T18:16:58.036Z] ERROR: SyncProduct error for shop quickstart-840ac43c.myshopify.com: id is not defined
[2025-05-03T18:17:00.645Z] ERROR: SyncProduct error for shop quickstart-840ac43c.myshopify.com: id is not defined
[2025-05-03T18:17:01.819Z] ERROR: SyncProduct error for shop quickstart-840ac43c.myshopify.com: id is not defined
[2025-05-03T18:17:32.672Z] ERROR: SyncProduct error for shop quickstart-840ac43c.myshopify.com: id is not defined
[2025-05-03T18:17:35.483Z] ERROR: SyncProduct error for shop quickstart-840ac43c.myshopify.com: id is not defined
[2025-05-03T18:17:38.331Z] ERROR: SyncProduct error for shop quickstart-840ac43c.myshopify.com: id is not defined
[2025-05-03T18:17:41.223Z] ERROR: SyncProduct error for shop quickstart-840ac43c.myshopify.com: id is not defined
[2025-05-03T18:17:44.128Z] ERROR: SyncProduct error for shop quickstart-840ac43c.myshopify.com: id is not defined
[2025-05-03T18:17:47.094Z] ERROR: SyncProduct error for shop quickstart-840ac43c.myshopify.com: id is not defined
[2025-05-03T18:17:49.913Z] ERROR: SyncProduct error for shop quickstart-840ac43c.myshopify.com: id is not defined
[2025-05-03T18:17:52.979Z] ERROR: SyncProduct error for shop quickstart-840ac43c.myshopify.com: id is not defined
[2025-05-03T18:17:56.045Z] ERROR: SyncProduct error for shop quickstart-840ac43c.myshopify.com: id is not defined
[2025-05-03T18:17:58.822Z] ERROR: SyncProduct error for shop quickstart-840ac43c.myshopify.com: id is not defined
[2025-05-03T18:18:01.674Z] ERROR: SyncProduct error for shop quickstart-840ac43c.myshopify.com: id is not defined
[2025-05-03T18:18:04.676Z] ERROR: SyncProduct error for shop quickstart-840ac43c.myshopify.com: id is not defined
[2025-05-03T18:18:07.487Z] ERROR: SyncProduct error for shop quickstart-840ac43c.myshopify.com: id is not defined
[2025-05-03T18:18:10.325Z] ERROR: SyncProduct error for shop quickstart-840ac43c.myshopify.com: id is not defined
[2025-05-03T18:18:13.325Z] ERROR: SyncProduct error for shop quickstart-840ac43c.myshopify.com: id is not defined
[2025-05-03T18:18:16.128Z] ERROR: SyncProduct error for shop quickstart-840ac43c.myshopify.com: id is not defined
[2025-05-03T18:18:19.724Z] ERROR: SyncProduct error for shop quickstart-840ac43c.myshopify.com: id is not defined
[2025-05-03T18:18:22.640Z] ERROR: SyncProduct error for shop quickstart-840ac43c.myshopify.com: id is not defined
[2025-05-03T18:18:25.449Z] ERROR: SyncProduct error for shop quickstart-840ac43c.myshopify.com: id is not defined
[2025-05-03T18:18:29.299Z] ERROR: SyncProduct error for shop quickstart-840ac43c.myshopify.com: id is not defined
[2025-05-03T18:18:32.249Z] ERROR: SyncProduct error for shop quickstart-840ac43c.myshopify.com: id is not defined
[2025-05-03T18:18:35.163Z] ERROR: SyncProduct error for shop quickstart-840ac43c.myshopify.com: id is not defined
[2025-05-03T18:18:39.146Z] ERROR: SyncProduct error for shop quickstart-840ac43c.myshopify.com: id is not defined
[2025-05-03T18:18:42.075Z] ERROR: SyncProduct error for shop quickstart-840ac43c.myshopify.com: id is not defined
[2025-05-03T18:18:44.950Z] ERROR: SyncProduct error for shop quickstart-840ac43c.myshopify.com: id is not defined
[2025-05-03T18:18:47.787Z] ERROR: SyncProduct error for shop quickstart-840ac43c.myshopify.com: id is not defined
[2025-05-03T18:18:51.468Z] ERROR: SyncProduct error for shop quickstart-840ac43c.myshopify.com: id is not defined
[2025-05-03T18:24:54.287Z] ERROR: SyncProduct error for shop quickstart-840ac43c.myshopify.com: id is not defined
[2025-05-03T18:24:57.026Z] ERROR: SyncProduct error for shop quickstart-840ac43c.myshopify.com: id is not defined
[2025-05-03T18:24:59.909Z] ERROR: SyncProduct error for shop quickstart-840ac43c.myshopify.com: id is not defined
[2025-05-03T18:25:02.983Z] ERROR: SyncProduct error for shop quickstart-840ac43c.myshopify.com: id is not defined
[2025-05-03T18:25:05.887Z] ERROR: SyncProduct error for shop quickstart-840ac43c.myshopify.com: id is not defined
[2025-05-03T18:25:08.703Z] ERROR: SyncProduct error for shop quickstart-840ac43c.myshopify.com: id is not defined
[2025-05-03T18:25:11.885Z] ERROR: SyncProduct error for shop quickstart-840ac43c.myshopify.com: id is not defined
[2025-05-03T18:25:14.442Z] ERROR: SyncProduct error for shop quickstart-840ac43c.myshopify.com: id is not defined
[2025-05-03T18:25:17.196Z] ERROR: SyncProduct error for shop quickstart-840ac43c.myshopify.com: id is not defined
[2025-05-03T18:25:19.963Z] ERROR: SyncProduct error for shop quickstart-840ac43c.myshopify.com: id is not defined
[2025-05-03T18:25:22.578Z] ERROR: SyncProduct error for shop quickstart-840ac43c.myshopify.com: id is not defined
[2025-05-03T18:25:25.455Z] ERROR: SyncProduct error for shop quickstart-840ac43c.myshopify.com: id is not defined
[2025-05-03T18:25:28.229Z] ERROR: SyncProduct error for shop quickstart-840ac43c.myshopify.com: id is not defined
[2025-05-03T18:25:31.106Z] ERROR: SyncProduct error for shop quickstart-840ac43c.myshopify.com: id is not defined
[2025-05-03T18:25:34.706Z] ERROR: SyncProduct error for shop quickstart-840ac43c.myshopify.com: id is not defined
[2025-05-03T18:25:37.484Z] ERROR: SyncProduct error for shop quickstart-840ac43c.myshopify.com: id is not defined
[2025-05-03T18:25:40.270Z] ERROR: SyncProduct error for shop quickstart-840ac43c.myshopify.com: id is not defined
[2025-05-03T18:25:43.745Z] ERROR: SyncProduct error for shop quickstart-840ac43c.myshopify.com: id is not defined
[2025-05-03T18:25:46.580Z] ERROR: SyncProduct error for shop quickstart-840ac43c.myshopify.com: id is not defined
[2025-05-03T18:25:49.293Z] ERROR: SyncProduct error for shop quickstart-840ac43c.myshopify.com: id is not defined
[2025-05-03T18:25:51.984Z] ERROR: SyncProduct error for shop quickstart-840ac43c.myshopify.com: id is not defined
[2025-05-03T18:25:54.809Z] ERROR: SyncProduct error for shop quickstart-840ac43c.myshopify.com: id is not defined
[2025-05-03T18:25:58.093Z] ERROR: SyncProduct error for shop quickstart-840ac43c.myshopify.com: id is not defined
[2025-05-03T18:26:00.809Z] ERROR: SyncProduct error for shop quickstart-840ac43c.myshopify.com: id is not defined
[2025-05-03T18:26:03.601Z] ERROR: SyncProduct error for shop quickstart-840ac43c.myshopify.com: id is not defined
[2025-05-03T18:26:06.266Z] ERROR: SyncProduct error for shop quickstart-840ac43c.myshopify.com: id is not defined
[2025-05-03T18:26:09.037Z] ERROR: SyncProduct error for shop quickstart-840ac43c.myshopify.com: id is not defined
[2025-05-03T18:27:56.257Z] ERROR: SyncProduct error for shop quickstart-840ac43c.myshopify.com: id is not defined
[2025-05-03T18:27:59.001Z] ERROR: SyncProduct error for shop quickstart-840ac43c.myshopify.com: id is not defined
[2025-05-03T18:28:01.717Z] ERROR: SyncProduct error for shop quickstart-840ac43c.myshopify.com: id is not defined
[2025-05-03T18:28:04.428Z] ERROR: SyncProduct error for shop quickstart-840ac43c.myshopify.com: id is not defined
[2025-05-03T18:28:07.150Z] ERROR: SyncProduct error for shop quickstart-840ac43c.myshopify.com: id is not defined
[2025-05-03T18:28:09.904Z] ERROR: SyncProduct error for shop quickstart-840ac43c.myshopify.com: id is not defined
[2025-05-03T18:28:12.734Z] ERROR: SyncProduct error for shop quickstart-840ac43c.myshopify.com: id is not defined
[2025-05-03T18:28:15.464Z] ERROR: SyncProduct error for shop quickstart-840ac43c.myshopify.com: id is not defined
[2025-05-03T18:28:18.178Z] ERROR: SyncProduct error for shop quickstart-840ac43c.myshopify.com: id is not defined
[2025-05-03T18:28:20.862Z] ERROR: SyncProduct error for shop quickstart-840ac43c.myshopify.com: id is not defined
[2025-05-03T18:28:23.597Z] ERROR: SyncProduct error for shop quickstart-840ac43c.myshopify.com: id is not defined
[2025-05-03T18:28:26.289Z] ERROR: SyncProduct error for shop quickstart-840ac43c.myshopify.com: id is not defined
[2025-05-03T18:28:28.992Z] ERROR: SyncProduct error for shop quickstart-840ac43c.myshopify.com: id is not defined
[2025-05-03T18:28:31.667Z] ERROR: SyncProduct error for shop quickstart-840ac43c.myshopify.com: id is not defined
[2025-05-03T18:28:34.366Z] ERROR: SyncProduct error for shop quickstart-840ac43c.myshopify.com: id is not defined
[2025-05-03T18:28:37.086Z] ERROR: SyncProduct error for shop quickstart-840ac43c.myshopify.com: id is not defined
[2025-05-03T18:28:39.842Z] ERROR: SyncProduct error for shop quickstart-840ac43c.myshopify.com: id is not defined
[2025-05-03T18:28:42.533Z] ERROR: SyncProduct error for shop quickstart-840ac43c.myshopify.com: id is not defined
[2025-05-03T18:28:45.160Z] ERROR: SyncProduct error for shop quickstart-840ac43c.myshopify.com: id is not defined
[2025-05-03T18:28:47.866Z] ERROR: SyncProduct error for shop quickstart-840ac43c.myshopify.com: id is not defined
[2025-05-03T18:28:50.622Z] ERROR: SyncProduct error for shop quickstart-840ac43c.myshopify.com: id is not defined
[2025-05-03T18:28:53.311Z] ERROR: SyncProduct error for shop quickstart-840ac43c.myshopify.com: id is not defined
[2025-05-03T18:28:55.978Z] ERROR: SyncProduct error for shop quickstart-840ac43c.myshopify.com: id is not defined
[2025-05-03T18:28:58.629Z] ERROR: SyncProduct error for shop quickstart-840ac43c.myshopify.com: id is not defined
[2025-05-03T18:29:01.522Z] ERROR: SyncProduct error for shop quickstart-840ac43c.myshopify.com: id is not defined
[2025-05-03T18:29:04.269Z] ERROR: SyncProduct error for shop quickstart-840ac43c.myshopify.com: id is not defined
[2025-05-03T18:29:06.996Z] ERROR: SyncProduct error for shop quickstart-840ac43c.myshopify.com: id is not defined
[2025-05-03T18:30:35.578Z] ERROR: Exception while publishing product for shop quickstart-840ac43c.myshopify.com: syntax error, unexpected RCURLY ("}") at [5, 5]
[2025-05-03T18:30:40.863Z] ERROR: Exception while publishing product for shop quickstart-840ac43c.myshopify.com: syntax error, unexpected RCURLY ("}") at [5, 5]
[2025-05-03T18:30:43.621Z] ERROR: Exception while publishing product for shop quickstart-840ac43c.myshopify.com: syntax error, unexpected RCURLY ("}") at [5, 5]
[2025-05-03T18:30:46.408Z] ERROR: Exception while publishing product for shop quickstart-840ac43c.myshopify.com: syntax error, unexpected RCURLY ("}") at [5, 5]
[2025-05-03T18:30:49.250Z] ERROR: Exception while publishing product for shop quickstart-840ac43c.myshopify.com: syntax error, unexpected RCURLY ("}") at [5, 5]
[2025-05-03T18:30:52.000Z] ERROR: Exception while publishing product for shop quickstart-840ac43c.myshopify.com: syntax error, unexpected RCURLY ("}") at [5, 5]
[2025-05-03T18:30:54.824Z] ERROR: Exception while publishing product for shop quickstart-840ac43c.myshopify.com: syntax error, unexpected RCURLY ("}") at [5, 5]
[2025-05-03T18:30:58.312Z] ERROR: Exception while publishing product for shop quickstart-840ac43c.myshopify.com: syntax error, unexpected RCURLY ("}") at [5, 5]
[2025-05-03T18:31:01.877Z] ERROR: Exception while publishing product for shop quickstart-840ac43c.myshopify.com: syntax error, unexpected RCURLY ("}") at [5, 5]
[2025-05-03T18:31:04.899Z] ERROR: Exception while publishing product for shop quickstart-840ac43c.myshopify.com: syntax error, unexpected RCURLY ("}") at [5, 5]
[2025-05-03T18:31:07.695Z] ERROR: Exception while publishing product for shop quickstart-840ac43c.myshopify.com: syntax error, unexpected RCURLY ("}") at [5, 5]
[2025-05-03T18:31:11.154Z] ERROR: Exception while publishing product for shop quickstart-840ac43c.myshopify.com: syntax error, unexpected RCURLY ("}") at [5, 5]
[2025-05-03T18:31:13.913Z] ERROR: Exception while publishing product for shop quickstart-840ac43c.myshopify.com: syntax error, unexpected RCURLY ("}") at [5, 5]
[2025-05-03T18:31:16.571Z] ERROR: Exception while publishing product for shop quickstart-840ac43c.myshopify.com: syntax error, unexpected RCURLY ("}") at [5, 5]
[2025-05-03T18:31:19.325Z] ERROR: Exception while publishing product for shop quickstart-840ac43c.myshopify.com: syntax error, unexpected RCURLY ("}") at [5, 5]
[2025-05-03T18:31:21.950Z] ERROR: Exception while publishing product for shop quickstart-840ac43c.myshopify.com: syntax error, unexpected RCURLY ("}") at [5, 5]
[2025-05-03T18:31:24.783Z] ERROR: Exception while publishing product for shop quickstart-840ac43c.myshopify.com: syntax error, unexpected RCURLY ("}") at [5, 5]
[2025-05-03T18:31:27.772Z] ERROR: Exception while publishing product for shop quickstart-840ac43c.myshopify.com: syntax error, unexpected RCURLY ("}") at [5, 5]
[2025-05-03T18:31:30.663Z] ERROR: Exception while publishing product for shop quickstart-840ac43c.myshopify.com: syntax error, unexpected RCURLY ("}") at [5, 5]
[2025-05-03T18:31:33.337Z] ERROR: Exception while publishing product for shop quickstart-840ac43c.myshopify.com: syntax error, unexpected RCURLY ("}") at [5, 5]
[2025-05-03T18:31:36.181Z] ERROR: Exception while publishing product for shop quickstart-840ac43c.myshopify.com: syntax error, unexpected RCURLY ("}") at [5, 5]
[2025-05-03T18:31:39.035Z] ERROR: Exception while publishing product for shop quickstart-840ac43c.myshopify.com: syntax error, unexpected RCURLY ("}") at [5, 5]
[2025-05-03T18:31:41.820Z] ERROR: Exception while publishing product for shop quickstart-840ac43c.myshopify.com: syntax error, unexpected RCURLY ("}") at [5, 5]
[2025-05-03T18:31:44.581Z] ERROR: Exception while publishing product for shop quickstart-840ac43c.myshopify.com: syntax error, unexpected RCURLY ("}") at [5, 5]
[2025-05-03T18:31:47.407Z] ERROR: Exception while publishing product for shop quickstart-840ac43c.myshopify.com: syntax error, unexpected RCURLY ("}") at [5, 5]
[2025-05-03T18:31:50.123Z] ERROR: Exception while publishing product for shop quickstart-840ac43c.myshopify.com: syntax error, unexpected RCURLY ("}") at [5, 5]
[2025-05-03T18:31:52.876Z] ERROR: Exception while publishing product for shop quickstart-840ac43c.myshopify.com: syntax error, unexpected RCURLY ("}") at [5, 5]
